  Menu.cpp
c:\users\semas\source\repos\gamebysfml\game\menu.cpp(16): warning C4244: аргумент: преобразование "T" в "T", возможна потеря данных
          with
          [
              T=unsigned int
          ]
          and
          [
              T=float
          ]
c:\users\semas\source\repos\gamebysfml\game\menu.cpp(19): warning C4244: аргумент: преобразование "T" в "T", возможна потеря данных
          with
          [
              T=unsigned int
          ]
          and
          [
              T=float
          ]
c:\users\semas\source\repos\gamebysfml\game\menu.cpp(20): warning C4244: аргумент: преобразование "T" в "T", возможна потеря данных
          with
          [
              T=unsigned int
          ]
          and
          [
              T=float
          ]
c:\users\semas\source\repos\gamebysfml\game\menu.cpp(23): warning C4244: аргумент: преобразование "T" в "T", возможна потеря данных
          with
          [
              T=unsigned int
          ]
          and
          [
              T=float
          ]
c:\users\semas\source\repos\gamebysfml\game\menu.cpp(48): warning C4244: аргумент: преобразование "T" в "T", возможна потеря данных
          with
          [
              T=int
          ]
          and
          [
              T=float
          ]
  Game.vcxproj -> C:\Users\semas\source\repos\GameBySFML\x64\Debug\Game.exe
