  Button.cpp
  Cloud.cpp
c:\users\semas\source\repos\gamebysfml\game\cloud.cpp(5): warning C4244: аргумент: преобразование "int" в "T", возможна потеря данных
          with
          [
              T=float
          ]
c:\users\semas\source\repos\gamebysfml\game\cloud.cpp(25): warning C4244: return: преобразование "T" в "int", возможна потеря данных
          with
          [
              T=float
          ]
  Dino.cpp
c:\users\semas\source\repos\gamebysfml\game\dino.cpp(6): warning C4305: аргумент: усечение из "double" в "T"
          with
          [
              T=float
          ]
c:\users\semas\source\repos\gamebysfml\game\dino.cpp(103): warning C4244: return: преобразование "T" в "int", возможна потеря данных
          with
          [
              T=float
          ]
c:\users\semas\source\repos\gamebysfml\game\dino.cpp(108): warning C4244: return: преобразование "T" в "int", возможна потеря данных
          with
          [
              T=float
          ]
  Game.cpp
c:\users\semas\source\repos\gamebysfml\game\game.cpp(13): warning C4244: аргумент: преобразование "T" в "T", возможна потеря данных
          with
          [
              T=unsigned int
          ]
          and
          [
              T=float
          ]
c:\users\semas\source\repos\gamebysfml\game\game.cpp(73): warning C4244: =: преобразование "float" в "int", возможна потеря данных
c:\users\semas\source\repos\gamebysfml\game\game.cpp(82): warning C4244: аргумент: преобразование "T" в "T", возможна потеря данных
          with
          [
              T=int
          ]
          and
          [
              T=float
          ]
c:\users\semas\source\repos\gamebysfml\game\game.cpp(86): warning C4244: =: преобразование "sf::Int64" в "float", возможна потеря данных
  Hurdle.cpp
c:\users\semas\source\repos\gamebysfml\game\hurdle.cpp(94): warning C4244: return: преобразование "T" в "int", возможна потеря данных
          with
          [
              T=float
          ]
c:\users\semas\source\repos\gamebysfml\game\hurdle.cpp(99): warning C4244: return: преобразование "T" в "int", возможна потеря данных
          with
          [
              T=float
          ]
  Menu.cpp
c:\users\semas\source\repos\gamebysfml\game\menu.cpp(16): warning C4244: аргумент: преобразование "T" в "T", возможна потеря данных
          with
          [
              T=unsigned int
          ]
          and
          [
              T=float
          ]
c:\users\semas\source\repos\gamebysfml\game\menu.cpp(19): warning C4244: аргумент: преобразование "T" в "T", возможна потеря данных
          with
          [
              T=unsigned int
          ]
          and
          [
              T=float
          ]
c:\users\semas\source\repos\gamebysfml\game\menu.cpp(20): warning C4244: аргумент: преобразование "T" в "T", возможна потеря данных
          with
          [
              T=unsigned int
          ]
          and
          [
              T=float
          ]
c:\users\semas\source\repos\gamebysfml\game\menu.cpp(23): warning C4244: аргумент: преобразование "T" в "T", возможна потеря данных
          with
          [
              T=unsigned int
          ]
          and
          [
              T=float
          ]
c:\users\semas\source\repos\gamebysfml\game\menu.cpp(49): warning C4244: аргумент: преобразование "T" в "T", возможна потеря данных
          with
          [
              T=int
          ]
          and
          [
              T=float
          ]
  main.cpp
  Создание кода
  107 of 349 functions (30.7%) were compiled, the rest were copied from previous compilation.
    12 functions were new in current compilation
    15 functions had inline decision re-evaluated but remain unchanged
  Создание кода завершено
  Game.vcxproj -> C:\Users\semas\source\repos\GameBySFML\x64\Release\Game.exe
